<?xml version="1.0" encoding="UTF-8"?>
<!-- Generated by org.testng.reporters.JUnitReportReporter -->
<testsuite name="com.tutorial.testcases.Test1" tests="1" time="3.478" ignored="0" failures="0" timestamp="30 Nov 2019 12:22:41 GMT" skipped="0" hostname="LAPTOP-9TPKPN35" errors="0">
  <testcase name="login" time="3.478" classname="com.tutorial.testcases.Test1"/>
</testsuite> <!-- com.tutorial.testcases.Test1 -->
